Build started 7.9.2013 15:45:40.
     1>Project "D:\Workspace\libYAML\win32\vs2012\yamldll.vcxproj" on node 2 (Build target(s)).
     1>ClCompile:
         D:\Program Files\Microsoft Visual Studio 11.0\VC\bin\x86_amd64\CL.exe /c /I.. /I../../include /Zi /nologo /W3 /WX- /O2 /D HAVE_CONFIG_H /D YAML_DECLARE_EXPORT /D _VC80_UPGRADE=0x0710 /D _WINDLL /D _MBCS /Gm- /EHsc /MD /GS /fp:precise /Zc:wchar_t /Zc:forScope /Fo"x64\Release\\" /Fd"x64\Release\vc110.pdb" /Gd /TC /errorReport:prompt ..\..\src\api.c ..\..\src\dumper.c ..\..\src\emitter.c ..\..\src\loader.c ..\..\src\parser.c ..\..\src\reader.c ..\..\src\scanner.c ..\..\src\writer.c
         api.c
     1>..\..\src\api.c(66): warning C4996: 'strdup': The POSIX name for this item is deprecated. Instead, use the ISO C++ conformant name: _strdup. See online help for details.
                 D:\Program Files\Microsoft Visual Studio 11.0\VC\include\string.h(241) : see declaration of 'strdup'
     1>..\..\src\api.c(842): warning C4267: '=' : conversion from 'size_t' to 'int', possible loss of data
     1>..\..\src\api.c(1218): warning C4267: '=' : conversion from 'size_t' to 'int', possible loss of data
     1>..\..\src\api.c(1230): warning C4244: 'return' : conversion from '__int64' to 'int', possible loss of data
     1>..\..\src\api.c(1275): warning C4244: 'return' : conversion from '__int64' to 'int', possible loss of data
     1>..\..\src\api.c(1320): warning C4244: 'return' : conversion from '__int64' to 'int', possible loss of data
         dumper.c
     1>..\..\src\dumper.c(254): warning C4996: 'sprintf': This function or variable may be unsafe. Consider using sprintf_s instead. To disable deprecation, use _CRT_SECURE_NO_WARNINGS. See online help for details.
                 D:\Program Files\Microsoft Visual Studio 11.0\VC\include\stdio.h(357) : see declaration of 'sprintf'
         emitter.c
         loader.c
     1>..\..\src\loader.c(301): warning C4244: '=' : conversion from '__int64' to 'int', possible loss of data
     1>..\..\src\loader.c(346): warning C4244: '=' : conversion from '__int64' to 'int', possible loss of data
     1>..\..\src\loader.c(404): warning C4244: '=' : conversion from '__int64' to 'int', possible loss of data
         parser.c
         reader.c
         scanner.c
     1>..\..\src\scanner.c(883): warning C4267: 'function' : conversion from 'size_t' to 'int', possible loss of data
     1>..\..\src\scanner.c(1584): warning C4267: 'function' : conversion from 'size_t' to 'int', possible loss of data
     1>..\..\src\scanner.c(1645): warning C4267: 'function' : conversion from 'size_t' to 'int', possible loss of data
     1>..\..\src\scanner.c(1701): warning C4267: 'function' : conversion from 'size_t' to 'int', possible loss of data
     1>..\..\src\scanner.c(1702): warning C4267: 'function' : conversion from 'size_t' to 'int', possible loss of data
     1>..\..\src\scanner.c(1731): warning C4267: 'function' : conversion from 'size_t' to 'int', possible loss of data
         writer.c
         Generating Code...
     1>C:\Program Files (x86)\MSBuild\Microsoft.Cpp\v4.0\V110\Microsoft.CppBuild.targets(1137,5): warning MSB8012: TargetPath(D:\Workspace\libYAML\win32\vs2012\x64\Release\yamldll.dll) does not match the Linker's OutputFile property value (D:\Workspace\libYAML\win32\vs2012\x64\Release\yaml.dll). This may cause your project to build incorrectly. To correct this, please make sure that $(OutDir), $(TargetName) and $(TargetExt) property values match the value specified in %(Link.OutputFile).
     1>C:\Program Files (x86)\MSBuild\Microsoft.Cpp\v4.0\V110\Microsoft.CppBuild.targets(1139,5): warning MSB8012: TargetName(yamldll) does not match the Linker's OutputFile property value (yaml). This may cause your project to build incorrectly. To correct this, please make sure that $(OutDir), $(TargetName) and $(TargetExt) property values match the value specified in %(Link.OutputFile).
       Link:
         D:\Program Files\Microsoft Visual Studio 11.0\VC\bin\x86_amd64\link.exe /ERRORREPORT:PROMPT /OUT:"D:\Workspace\libYAML\win32\vs2012\x64\Release\yaml.dll" /INCREMENTAL:NO /NOLOGO kernel32.lib user32.lib gdi32.lib winspool.lib comdlg32.lib advapi32.lib shell32.lib ole32.lib oleaut32.lib uuid.lib odbc32.lib odbccp32.lib /MANIFEST /MANIFESTUAC:"level='asInvoker' uiAccess='false'" /manifest:embed /DEBUG /PDB:"D:\Workspace\libYAML\win32\vs2012\x64\Release\yamldll.pdb" /SUBSYSTEM:WINDOWS /OPT:REF /OPT:ICF /TLBID:1 /DYNAMICBASE:NO /IMPLIB:"D:\Workspace\libYAML\win32\vs2012\x64\Release\yaml.lib" /MACHINE:X64 /DLL x64\Release\api.obj
         x64\Release\dumper.obj
         x64\Release\emitter.obj
         x64\Release\loader.obj
         x64\Release\parser.obj
         x64\Release\reader.obj
         x64\Release\scanner.obj
         x64\Release\writer.obj
            Creating library D:\Workspace\libYAML\win32\vs2012\x64\Release\yaml.lib and object D:\Workspace\libYAML\win32\vs2012\x64\Release\yaml.exp
         yamldll.vcxproj -> D:\Workspace\libYAML\win32\vs2012\x64\Release\yamldll.dll
     1>Done Building Project "D:\Workspace\libYAML\win32\vs2012\yamldll.vcxproj" (Build target(s)).

Build succeeded.

Time Elapsed 00:00:01.20
